<?xml version="1.0" encoding="UTF-8"?>
<!-- Generated by org.testng.reporters.JUnitXMLReporter -->
<testsuite ignored="4" hostname="Jeff-PC" failures="0" tests="1" name="Default test" time="9.011" errors="0" timestamp="2022-07-20T01:42:18 CDT">
  <testcase classname="com.gardolf.hudlmavenproject.loginTest" name="successfulLoginTest" time="3.933"/>
  <testcase classname="com.gardolf.hudlmavenproject.loginTest" name="logInWithAnOrganizationTest" time="0.0">
    <ignored/>
  </testcase> <!-- logInWithAnOrganizationTest -->
  <testcase classname="com.gardolf.hudlmavenproject.loginTest" name="needHelpLinkTest" time="0.0">
    <ignored/>
  </testcase> <!-- needHelpLinkTest -->
  <testcase classname="com.gardolf.hudlmavenproject.loginTest" name="signUpLinkTest" time="0.0">
    <ignored/>
  </testcase> <!-- signUpLinkTest -->
  <testcase classname="com.gardolf.hudlmavenproject.loginTest" name="incorrectCredentialsTest" time="0.0">
    <ignored/>
  </testcase> <!-- incorrectCredentialsTest -->
</testsuite> <!-- Default test -->
