<?xml version="1.0" encoding="UTF-8"?>
<testng-results ignored="4" total="5" passed="1" failed="0" skipped="0">
  <reporter-output>
  </reporter-output>
  <suite started-at="2022-07-20T01:42:09 CDT" name="Default suite" finished-at="2022-07-20T01:42:18 CDT" duration-ms="9011">
    <groups>
    </groups>
    <test started-at="2022-07-20T01:42:09 CDT" name="Default test" finished-at="2022-07-20T01:42:18 CDT" duration-ms="9011">
      <class name="com.gardolf.hudlmavenproject.loginTest">
        <test-method is-config="true" signature="setup()[pri:0, instance:com.gardolf.hudlmavenproject.loginTest@2e3967ea]" started-at="2022-07-20T01:42:09 CDT" name="setup" finished-at="2022-07-20T01:42:14 CDT" duration-ms="4906" status="PASS">
          <reporter-output>
          </reporter-output>
        </test-method> <!-- setup -->
        <test-method is-config="true" signature="main()[pri:0, instance:com.gardolf.hudlmavenproject.loginTest@2e3967ea]" started-at="2022-07-20T01:42:14 CDT" name="main" finished-at="2022-07-20T01:42:14 CDT" duration-ms="14" status="PASS">
          <reporter-output>
          </reporter-output>
        </test-method> <!-- main -->
        <test-method signature="successfulLoginTest()[pri:0, instance:com.gardolf.hudlmavenproject.loginTest@2e3967ea]" started-at="2022-07-20T01:42:14 CDT" name="successfulLoginTest" description="Verifies login works using valid credentials and user makes it to the landing screen." finished-at="2022-07-20T01:42:18 CDT" duration-ms="3933" status="PASS">
          <reporter-output>
          </reporter-output>
        </test-method> <!-- successfulLoginTest -->
        <test-method is-config="true" signature="tearDown()[pri:0, instance:com.gardolf.hudlmavenproject.loginTest@2e3967ea]" started-at="2022-07-20T01:42:18 CDT" name="tearDown" finished-at="2022-07-20T01:42:18 CDT" duration-ms="124" status="PASS">
          <reporter-output>
          </reporter-output>
        </test-method> <!-- tearDown -->
      </class> <!-- com.gardolf.hudlmavenproject.loginTest -->
    </test> <!-- Default test -->
  </suite> <!-- Default suite -->
</testng-results>
